

If you want to run in single-job 'make' mode for troubleshooting,
restart this script with a non-empty parameter string as the first
argument.

Setting CLAMS_BASE to /var/home/znmeb/dbx-homes/CLAMS-PicoSDK
Setting environment variables
Adding RISC-V compiler to PATH
/usr/local/sbin:/usr/local/bin:/usr/sbin:/usr/bin:/sbin:/bin:/usr/games:/usr/local/games:/snap/bin:/var/home/znmeb/dbx-homes/CLAMS-PicoSDK/.local/bin:/var/home/znmeb/dbx-homes/CLAMS-PicoSDK/bin:/var/home/znmeb/dbx-homes/CLAMS-PicoSDK/pico-utilities/corev-openhw-gcc-ubuntu2204-20240530/bin


Building the rp2350 examples

Re-creating /var/home/znmeb/dbx-homes/CLAMS-PicoSDK/pico/pico-examples/build_sparkfun_promicro_rp2350_rp2350-riscv
Configuring /var/home/znmeb/dbx-homes/CLAMS-PicoSDK/pico/pico-examples/build_sparkfun_promicro_rp2350_rp2350-riscv
Compiling /var/home/znmeb/dbx-homes/CLAMS-PicoSDK/pico/pico-examples/build_sparkfun_promicro_rp2350_rp2350-riscv

Re-creating /var/home/znmeb/dbx-homes/CLAMS-PicoSDK/pico/pico-examples/build_sparkfun_promicro_rp2350_rp2350-arm-s
Configuring /var/home/znmeb/dbx-homes/CLAMS-PicoSDK/pico/pico-examples/build_sparkfun_promicro_rp2350_rp2350-arm-s
Compiling /var/home/znmeb/dbx-homes/CLAMS-PicoSDK/pico/pico-examples/build_sparkfun_promicro_rp2350_rp2350-arm-s

Re-creating /var/home/znmeb/dbx-homes/CLAMS-PicoSDK/pico/pico-examples/build_pimoroni_pico_plus2_rp2350_rp2350-riscv
Configuring /var/home/znmeb/dbx-homes/CLAMS-PicoSDK/pico/pico-examples/build_pimoroni_pico_plus2_rp2350_rp2350-riscv
Compiling /var/home/znmeb/dbx-homes/CLAMS-PicoSDK/pico/pico-examples/build_pimoroni_pico_plus2_rp2350_rp2350-riscv

Re-creating /var/home/znmeb/dbx-homes/CLAMS-PicoSDK/pico/pico-examples/build_pimoroni_pico_plus2_rp2350_rp2350-arm-s
Configuring /var/home/znmeb/dbx-homes/CLAMS-PicoSDK/pico/pico-examples/build_pimoroni_pico_plus2_rp2350_rp2350-arm-s
Compiling /var/home/znmeb/dbx-homes/CLAMS-PicoSDK/pico/pico-examples/build_pimoroni_pico_plus2_rp2350_rp2350-arm-s

Re-creating /var/home/znmeb/dbx-homes/CLAMS-PicoSDK/pico/pico-examples/build_ilabs_challenger_rp2350_bconnect_rp2350-riscv
Configuring /var/home/znmeb/dbx-homes/CLAMS-PicoSDK/pico/pico-examples/build_ilabs_challenger_rp2350_bconnect_rp2350-riscv
Compiling /var/home/znmeb/dbx-homes/CLAMS-PicoSDK/pico/pico-examples/build_ilabs_challenger_rp2350_bconnect_rp2350-riscv

Re-creating /var/home/znmeb/dbx-homes/CLAMS-PicoSDK/pico/pico-examples/build_ilabs_challenger_rp2350_bconnect_rp2350-arm-s
Configuring /var/home/znmeb/dbx-homes/CLAMS-PicoSDK/pico/pico-examples/build_ilabs_challenger_rp2350_bconnect_rp2350-arm-s
Compiling /var/home/znmeb/dbx-homes/CLAMS-PicoSDK/pico/pico-examples/build_ilabs_challenger_rp2350_bconnect_rp2350-arm-s

Re-creating /var/home/znmeb/dbx-homes/CLAMS-PicoSDK/pico/pico-examples/build_ilabs_challenger_rp2350_wifi_ble_rp2350-riscv
Configuring /var/home/znmeb/dbx-homes/CLAMS-PicoSDK/pico/pico-examples/build_ilabs_challenger_rp2350_wifi_ble_rp2350-riscv
Compiling /var/home/znmeb/dbx-homes/CLAMS-PicoSDK/pico/pico-examples/build_ilabs_challenger_rp2350_wifi_ble_rp2350-riscv

Re-creating /var/home/znmeb/dbx-homes/CLAMS-PicoSDK/pico/pico-examples/build_ilabs_challenger_rp2350_wifi_ble_rp2350-arm-s
Configuring /var/home/znmeb/dbx-homes/CLAMS-PicoSDK/pico/pico-examples/build_ilabs_challenger_rp2350_wifi_ble_rp2350-arm-s
Compiling /var/home/znmeb/dbx-homes/CLAMS-PicoSDK/pico/pico-examples/build_ilabs_challenger_rp2350_wifi_ble_rp2350-arm-s

Re-creating /var/home/znmeb/dbx-homes/CLAMS-PicoSDK/pico/pico-playground/build_sparkfun_promicro_rp2350_rp2350-riscv
Configuring /var/home/znmeb/dbx-homes/CLAMS-PicoSDK/pico/pico-playground/build_sparkfun_promicro_rp2350_rp2350-riscv
Compiling /var/home/znmeb/dbx-homes/CLAMS-PicoSDK/pico/pico-playground/build_sparkfun_promicro_rp2350_rp2350-riscv

Re-creating /var/home/znmeb/dbx-homes/CLAMS-PicoSDK/pico/pico-playground/build_sparkfun_promicro_rp2350_rp2350-arm-s
Configuring /var/home/znmeb/dbx-homes/CLAMS-PicoSDK/pico/pico-playground/build_sparkfun_promicro_rp2350_rp2350-arm-s
Compiling /var/home/znmeb/dbx-homes/CLAMS-PicoSDK/pico/pico-playground/build_sparkfun_promicro_rp2350_rp2350-arm-s

Re-creating /var/home/znmeb/dbx-homes/CLAMS-PicoSDK/pico/pico-playground/build_pimoroni_pico_plus2_rp2350_rp2350-riscv
Configuring /var/home/znmeb/dbx-homes/CLAMS-PicoSDK/pico/pico-playground/build_pimoroni_pico_plus2_rp2350_rp2350-riscv
Compiling /var/home/znmeb/dbx-homes/CLAMS-PicoSDK/pico/pico-playground/build_pimoroni_pico_plus2_rp2350_rp2350-riscv

Re-creating /var/home/znmeb/dbx-homes/CLAMS-PicoSDK/pico/pico-playground/build_pimoroni_pico_plus2_rp2350_rp2350-arm-s
Configuring /var/home/znmeb/dbx-homes/CLAMS-PicoSDK/pico/pico-playground/build_pimoroni_pico_plus2_rp2350_rp2350-arm-s
Compiling /var/home/znmeb/dbx-homes/CLAMS-PicoSDK/pico/pico-playground/build_pimoroni_pico_plus2_rp2350_rp2350-arm-s

Re-creating /var/home/znmeb/dbx-homes/CLAMS-PicoSDK/pico/pico-playground/build_ilabs_challenger_rp2350_bconnect_rp2350-riscv
Configuring /var/home/znmeb/dbx-homes/CLAMS-PicoSDK/pico/pico-playground/build_ilabs_challenger_rp2350_bconnect_rp2350-riscv
Compiling /var/home/znmeb/dbx-homes/CLAMS-PicoSDK/pico/pico-playground/build_ilabs_challenger_rp2350_bconnect_rp2350-riscv

Re-creating /var/home/znmeb/dbx-homes/CLAMS-PicoSDK/pico/pico-playground/build_ilabs_challenger_rp2350_bconnect_rp2350-arm-s
Configuring /var/home/znmeb/dbx-homes/CLAMS-PicoSDK/pico/pico-playground/build_ilabs_challenger_rp2350_bconnect_rp2350-arm-s
Compiling /var/home/znmeb/dbx-homes/CLAMS-PicoSDK/pico/pico-playground/build_ilabs_challenger_rp2350_bconnect_rp2350-arm-s

Re-creating /var/home/znmeb/dbx-homes/CLAMS-PicoSDK/pico/pico-playground/build_ilabs_challenger_rp2350_wifi_ble_rp2350-riscv
Configuring /var/home/znmeb/dbx-homes/CLAMS-PicoSDK/pico/pico-playground/build_ilabs_challenger_rp2350_wifi_ble_rp2350-riscv
Compiling /var/home/znmeb/dbx-homes/CLAMS-PicoSDK/pico/pico-playground/build_ilabs_challenger_rp2350_wifi_ble_rp2350-riscv

Re-creating /var/home/znmeb/dbx-homes/CLAMS-PicoSDK/pico/pico-playground/build_ilabs_challenger_rp2350_wifi_ble_rp2350-arm-s
Configuring /var/home/znmeb/dbx-homes/CLAMS-PicoSDK/pico/pico-playground/build_ilabs_challenger_rp2350_wifi_ble_rp2350-arm-s
Compiling /var/home/znmeb/dbx-homes/CLAMS-PicoSDK/pico/pico-playground/build_ilabs_challenger_rp2350_wifi_ble_rp2350-arm-s

Building the pico_w examples

Re-creating /var/home/znmeb/dbx-homes/CLAMS-PicoSDK/pico/pico-examples/build_pico_w_rp2040
Configuring /var/home/znmeb/dbx-homes/CLAMS-PicoSDK/pico/pico-examples/build_pico_w_rp2040
Compiling /var/home/znmeb/dbx-homes/CLAMS-PicoSDK/pico/pico-examples/build_pico_w_rp2040

Re-creating /var/home/znmeb/dbx-homes/CLAMS-PicoSDK/pico/pico-playground/build_pico_w_rp2040
Configuring /var/home/znmeb/dbx-homes/CLAMS-PicoSDK/pico/pico-playground/build_pico_w_rp2040
Compiling /var/home/znmeb/dbx-homes/CLAMS-PicoSDK/pico/pico-playground/build_pico_w_rp2040

Listing uf2 files to /var/home/znmeb/Projects/CLAMS/PicoSDK/uf2Files.log
Finished
8039.11user 4526.91system 33:50.01elapsed 619%CPU (0avgtext+0avgdata 666152maxresident)k
128576inputs+15900200outputs (4012major+429941915minor)pagefaults 0swaps
