

If you want to run in single-job 'make' mode for troubleshooting,
restart this script with a non-empty parameter string as the first
argument.

Setting CLAMS_BASE to /home/znmeb
Setting environment variables
Adding RISC-V compiler to PATH
/home/znmeb/.local/bin:/home/znmeb/bin:/usr/local/sbin:/usr/local/bin:/usr/sbin:/usr/bin:/sbin:/bin:/usr/games:/usr/local/games:/usr/lib/wsl/lib:/mnt/c/Windows/system32:/mnt/c/Windows:/mnt/c/Windows/System32/Wbem:/mnt/c/Windows/System32/WindowsPowerShell/v1.0/:/mnt/c/Windows/System32/OpenSSH/:/mnt/c/Program Files/NVIDIA Corporation/NVIDIA NvDLISR:/mnt/c/Program Files (x86)/NVIDIA Corporation/PhysX/Common:/mnt/c/Program Files/dotnet/:/mnt/c/Program Files/Calibre2/:/mnt/c/Program Files/PuTTY/:/mnt/c/Program Files/usbipd-win/:/mnt/c/Program Files/Git/cmd:/mnt/c/Program Files/PowerShell/7/:/mnt/c/Users/znmeb/AppData/Local/Microsoft/WindowsApps:/mnt/c/Users/znmeb/AppData/Roaming/TinyTeX/bin/windows:/home/znmeb/.local/bin:/home/znmeb/bin:/home/znmeb/.local/bin:/home/znmeb/bin:/home/znmeb/pico-utilities/corev-openhw-gcc-ubuntu2204-20240530/bin


Building the rp2350 examples

Re-creating /home/znmeb/pico/pico-examples/build_sparkfun_promicro_rp2350_rp2350-riscv
Configuring /home/znmeb/pico/pico-examples/build_sparkfun_promicro_rp2350_rp2350-riscv
Compiling /home/znmeb/pico/pico-examples/build_sparkfun_promicro_rp2350_rp2350-riscv

Re-creating /home/znmeb/pico/pico-examples/build_sparkfun_promicro_rp2350_rp2350-arm-s
Configuring /home/znmeb/pico/pico-examples/build_sparkfun_promicro_rp2350_rp2350-arm-s
Compiling /home/znmeb/pico/pico-examples/build_sparkfun_promicro_rp2350_rp2350-arm-s

Re-creating /home/znmeb/pico/pico-examples/build_pimoroni_pico_plus2_rp2350_rp2350-riscv
Configuring /home/znmeb/pico/pico-examples/build_pimoroni_pico_plus2_rp2350_rp2350-riscv
Compiling /home/znmeb/pico/pico-examples/build_pimoroni_pico_plus2_rp2350_rp2350-riscv

Re-creating /home/znmeb/pico/pico-examples/build_pimoroni_pico_plus2_rp2350_rp2350-arm-s
Configuring /home/znmeb/pico/pico-examples/build_pimoroni_pico_plus2_rp2350_rp2350-arm-s
Compiling /home/znmeb/pico/pico-examples/build_pimoroni_pico_plus2_rp2350_rp2350-arm-s

Re-creating /home/znmeb/pico/pico-examples/build_ilabs_challenger_rp2350_bconnect_rp2350-riscv
Configuring /home/znmeb/pico/pico-examples/build_ilabs_challenger_rp2350_bconnect_rp2350-riscv
Compiling /home/znmeb/pico/pico-examples/build_ilabs_challenger_rp2350_bconnect_rp2350-riscv

Re-creating /home/znmeb/pico/pico-examples/build_ilabs_challenger_rp2350_bconnect_rp2350-arm-s
Configuring /home/znmeb/pico/pico-examples/build_ilabs_challenger_rp2350_bconnect_rp2350-arm-s
Compiling /home/znmeb/pico/pico-examples/build_ilabs_challenger_rp2350_bconnect_rp2350-arm-s

Re-creating /home/znmeb/pico/pico-examples/build_ilabs_challenger_rp2350_wifi_ble_rp2350-riscv
Configuring /home/znmeb/pico/pico-examples/build_ilabs_challenger_rp2350_wifi_ble_rp2350-riscv
Compiling /home/znmeb/pico/pico-examples/build_ilabs_challenger_rp2350_wifi_ble_rp2350-riscv

Re-creating /home/znmeb/pico/pico-examples/build_ilabs_challenger_rp2350_wifi_ble_rp2350-arm-s
Configuring /home/znmeb/pico/pico-examples/build_ilabs_challenger_rp2350_wifi_ble_rp2350-arm-s
Compiling /home/znmeb/pico/pico-examples/build_ilabs_challenger_rp2350_wifi_ble_rp2350-arm-s

Re-creating /home/znmeb/pico/pico-playground/build_sparkfun_promicro_rp2350_rp2350-riscv
Configuring /home/znmeb/pico/pico-playground/build_sparkfun_promicro_rp2350_rp2350-riscv
Compiling /home/znmeb/pico/pico-playground/build_sparkfun_promicro_rp2350_rp2350-riscv

Re-creating /home/znmeb/pico/pico-playground/build_sparkfun_promicro_rp2350_rp2350-arm-s
Configuring /home/znmeb/pico/pico-playground/build_sparkfun_promicro_rp2350_rp2350-arm-s
Compiling /home/znmeb/pico/pico-playground/build_sparkfun_promicro_rp2350_rp2350-arm-s

Re-creating /home/znmeb/pico/pico-playground/build_pimoroni_pico_plus2_rp2350_rp2350-riscv
Configuring /home/znmeb/pico/pico-playground/build_pimoroni_pico_plus2_rp2350_rp2350-riscv
Compiling /home/znmeb/pico/pico-playground/build_pimoroni_pico_plus2_rp2350_rp2350-riscv

Re-creating /home/znmeb/pico/pico-playground/build_pimoroni_pico_plus2_rp2350_rp2350-arm-s
Configuring /home/znmeb/pico/pico-playground/build_pimoroni_pico_plus2_rp2350_rp2350-arm-s
Compiling /home/znmeb/pico/pico-playground/build_pimoroni_pico_plus2_rp2350_rp2350-arm-s

Re-creating /home/znmeb/pico/pico-playground/build_ilabs_challenger_rp2350_bconnect_rp2350-riscv
Configuring /home/znmeb/pico/pico-playground/build_ilabs_challenger_rp2350_bconnect_rp2350-riscv
Compiling /home/znmeb/pico/pico-playground/build_ilabs_challenger_rp2350_bconnect_rp2350-riscv

Re-creating /home/znmeb/pico/pico-playground/build_ilabs_challenger_rp2350_bconnect_rp2350-arm-s
Configuring /home/znmeb/pico/pico-playground/build_ilabs_challenger_rp2350_bconnect_rp2350-arm-s
Compiling /home/znmeb/pico/pico-playground/build_ilabs_challenger_rp2350_bconnect_rp2350-arm-s

Re-creating /home/znmeb/pico/pico-playground/build_ilabs_challenger_rp2350_wifi_ble_rp2350-riscv
Configuring /home/znmeb/pico/pico-playground/build_ilabs_challenger_rp2350_wifi_ble_rp2350-riscv
Compiling /home/znmeb/pico/pico-playground/build_ilabs_challenger_rp2350_wifi_ble_rp2350-riscv

Re-creating /home/znmeb/pico/pico-playground/build_ilabs_challenger_rp2350_wifi_ble_rp2350-arm-s
Configuring /home/znmeb/pico/pico-playground/build_ilabs_challenger_rp2350_wifi_ble_rp2350-arm-s
Compiling /home/znmeb/pico/pico-playground/build_ilabs_challenger_rp2350_wifi_ble_rp2350-arm-s

Building the pico_w examples

Re-creating /home/znmeb/pico/pico-examples/build_pico_w_rp2040
Configuring /home/znmeb/pico/pico-examples/build_pico_w_rp2040
Compiling /home/znmeb/pico/pico-examples/build_pico_w_rp2040

Re-creating /home/znmeb/pico/pico-playground/build_pico_w_rp2040
Configuring /home/znmeb/pico/pico-playground/build_pico_w_rp2040
Compiling /home/znmeb/pico/pico-playground/build_pico_w_rp2040

Listing uf2 files to /home/znmeb/Projects/CLAMS/PicoSDK/uf2Files.log
Finished
8138.26user 1944.42system 13:16.51elapsed 1265%CPU (0avgtext+0avgdata 191528maxresident)k
1361672inputs+26481416outputs (43796major+406709478minor)pagefaults 0swaps
