total 368
-rw-r--r-- 1 znmeb znmeb 2010 Aug 17 18:30 0xcb_helios.h
-rw-r--r-- 1 znmeb znmeb 2135 Aug 17 18:30 adafruit_feather_rp2040.h
-rw-r--r-- 1 znmeb znmeb 2087 Aug 17 18:30 adafruit_feather_rp2040_usb_host.h
-rw-r--r-- 1 znmeb znmeb 2189 Aug 17 18:30 adafruit_itsybitsy_rp2040.h
-rw-r--r-- 1 znmeb znmeb 2005 Aug 17 18:30 adafruit_kb2040.h
-rw-r--r-- 1 znmeb znmeb 4248 Aug 17 18:30 adafruit_macropad_rp2040.h
-rw-r--r-- 1 znmeb znmeb 2158 Aug 17 18:30 adafruit_qtpy_rp2040.h
-rw-r--r-- 1 znmeb znmeb 1814 Aug 17 18:30 adafruit_trinkey_qt2040.h
-rw-r--r-- 1 znmeb znmeb 2491 Aug 17 18:30 amethyst_fpga.h
-rw-r--r-- 1 znmeb znmeb 2395 Aug 17 18:30 archi.h
-rw-r--r-- 1 znmeb znmeb 1894 Aug 17 18:30 arduino_nano_rp2040_connect.h
-rw-r--r-- 1 znmeb znmeb 3906 Aug 17 18:30 cytron_maker_pi_rp2040.h
-rw-r--r-- 1 znmeb znmeb 1559 Aug 17 18:30 datanoisetv_rp2040_dsp.h
-rw-r--r-- 1 znmeb znmeb 3653 Aug 17 18:30 defcon32_badge.h
-rw-r--r-- 1 znmeb znmeb 2088 Aug 17 18:30 eetree_gamekit_rp2040.h
-rw-r--r-- 1 znmeb znmeb 2071 Aug 17 18:30 garatronic_pybstick26_rp2040.h
-rw-r--r-- 1 znmeb znmeb 2792 Aug 17 18:30 gen4_rp2350_24.h
-rw-r--r-- 1 znmeb znmeb 2850 Aug 17 18:30 gen4_rp2350_24ct.h
-rw-r--r-- 1 znmeb znmeb 2796 Aug 17 18:30 gen4_rp2350_24t.h
-rw-r--r-- 1 znmeb znmeb 2792 Aug 17 18:30 gen4_rp2350_28.h
-rw-r--r-- 1 znmeb znmeb 2850 Aug 17 18:30 gen4_rp2350_28ct.h
-rw-r--r-- 1 znmeb znmeb 2796 Aug 17 18:30 gen4_rp2350_28t.h
-rw-r--r-- 1 znmeb znmeb 2792 Aug 17 18:30 gen4_rp2350_32.h
-rw-r--r-- 1 znmeb znmeb 2877 Aug 17 18:30 gen4_rp2350_32ct.h
-rw-r--r-- 1 znmeb znmeb 2796 Aug 17 18:30 gen4_rp2350_32t.h
-rw-r--r-- 1 znmeb znmeb 2792 Aug 17 18:30 gen4_rp2350_35.h
-rw-r--r-- 1 znmeb znmeb 2877 Aug 17 18:30 gen4_rp2350_35ct.h
-rw-r--r-- 1 znmeb znmeb 2796 Aug 17 18:30 gen4_rp2350_35t.h
-rw-r--r-- 1 znmeb znmeb 2310 Aug 17 18:30 hellbender_2350A_devboard.h
-rw-r--r-- 1 znmeb znmeb 2144 Aug 17 18:30 ilabs_challenger_rp2350_bconnect.h
-rw-r--r-- 1 znmeb znmeb 3353 Aug 17 18:30 ilabs_challenger_rp2350_wifi_ble.h
-rw-r--r-- 1 znmeb znmeb 1480 Aug 17 18:30 ilabs_opendec02.h
-rw-r--r-- 1 znmeb znmeb 2286 Aug 17 18:30 melopero_perpetuo_rp2350_lora.h
-rw-r--r-- 1 znmeb znmeb 1971 Aug 17 18:30 melopero_shake_rp2040.h
-rw-r--r-- 1 znmeb znmeb 5576 Aug 17 18:30 metrotech_xerxes_rp2040.h
-rw-r--r-- 1 znmeb znmeb 1738 Aug 17 18:30 net8086_usb_interposer.h
-rw-r--r-- 1 znmeb znmeb  380 Aug 17 18:30 none.h
-rw-r--r-- 1 znmeb znmeb 2683 Aug 17 18:30 nullbits_bit_c_pro.h
-rw-r--r-- 1 znmeb znmeb 1918 Aug 17 18:30 phyx_rick_tny_rp2350.h
-rw-r--r-- 1 znmeb znmeb 1915 Aug 17 18:30 pi-plates_micropi.h
-rw-r--r-- 1 znmeb znmeb 2290 Aug 17 18:30 pico.h
-rw-r--r-- 1 znmeb znmeb 2343 Aug 17 18:30 pico2.h
-rw-r--r-- 1 znmeb znmeb 3205 Aug 17 18:30 pico_w.h
-rw-r--r-- 1 znmeb znmeb 2965 Aug 17 18:30 pimoroni_badger2040.h
-rw-r--r-- 1 znmeb znmeb 2669 Aug 17 18:30 pimoroni_interstate75.h
-rw-r--r-- 1 znmeb znmeb 2307 Aug 17 18:30 pimoroni_keybow2040.h
-rw-r--r-- 1 znmeb znmeb 3615 Aug 17 18:30 pimoroni_motor2040.h
-rw-r--r-- 1 znmeb znmeb 1785 Aug 17 18:30 pimoroni_pga2040.h
-rw-r--r-- 1 znmeb znmeb 2049 Aug 17 18:30 pimoroni_pga2350.h
-rw-r--r-- 1 znmeb znmeb 2605 Aug 17 18:30 pimoroni_pico_plus2_rp2350.h
-rw-r--r-- 1 znmeb znmeb 1973 Aug 17 18:30 pimoroni_picolipo_16mb.h
-rw-r--r-- 1 znmeb znmeb 1968 Aug 17 18:30 pimoroni_picolipo_4mb.h
-rw-r--r-- 1 znmeb znmeb 2468 Aug 17 18:30 pimoroni_picosystem.h
-rw-r--r-- 1 znmeb znmeb 2276 Aug 17 18:30 pimoroni_plasma2040.h
-rw-r--r-- 1 znmeb znmeb 2806 Aug 17 18:30 pimoroni_plasma2350.h
-rw-r--r-- 1 znmeb znmeb 3030 Aug 17 18:30 pimoroni_servo2040.h
-rw-r--r-- 1 znmeb znmeb 2349 Aug 17 18:30 pimoroni_tiny2040.h
-rw-r--r-- 1 znmeb znmeb 2357 Aug 17 18:30 pimoroni_tiny2040_2mb.h
-rw-r--r-- 1 znmeb znmeb 2201 Aug 17 18:30 pimoroni_tiny2350.h
-rw-r--r-- 1 znmeb znmeb  814 Aug 17 18:30 pololu_3pi_2040_robot.h
-rw-r--r-- 1 znmeb znmeb  817 Aug 17 18:30 pololu_zumo_2040_robot.h
-rw-r--r-- 1 znmeb znmeb 2248 Aug 17 18:30 seeed_xiao_rp2040.h
-rw-r--r-- 1 znmeb znmeb 2884 Aug 17 18:30 seeed_xiao_rp2350.h
-rw-r--r-- 1 znmeb znmeb 2096 Aug 17 18:30 solderparty_rp2040_stamp.h
-rw-r--r-- 1 znmeb znmeb  914 Aug 17 18:30 solderparty_rp2040_stamp_carrier.h
-rw-r--r-- 1 znmeb znmeb 2030 Aug 17 18:30 solderparty_rp2040_stamp_round_carrier.h
-rw-r--r-- 1 znmeb znmeb 1988 Aug 17 18:30 solderparty_rp2350_stamp.h
-rw-r--r-- 1 znmeb znmeb 2000 Aug 17 18:30 solderparty_rp2350_stamp_xl.h
-rw-r--r-- 1 znmeb znmeb 2055 Aug 17 18:30 sparkfun_micromod.h
-rw-r--r-- 1 znmeb znmeb 2205 Aug 17 18:30 sparkfun_promicro.h
-rw-r--r-- 1 znmeb znmeb 2184 Aug 17 18:30 sparkfun_promicro_rp2350.h
-rw-r--r-- 1 znmeb znmeb 2289 Aug 17 18:30 sparkfun_thingplus.h
-rw-r--r-- 1 znmeb znmeb 1973 Aug 17 18:30 switchscience_picossci2_conta_base.h
-rw-r--r-- 1 znmeb znmeb 2002 Aug 17 18:30 switchscience_picossci2_dev_board.h
-rw-r--r-- 1 znmeb znmeb 1743 Aug 17 18:30 switchscience_picossci2_micro.h
-rw-r--r-- 1 znmeb znmeb 1997 Aug 17 18:30 switchscience_picossci2_rp2350_breakout.h
-rw-r--r-- 1 znmeb znmeb 1955 Aug 17 18:30 switchscience_picossci2_tiny.h
-rw-r--r-- 1 znmeb znmeb 2442 Aug 17 18:30 tinycircuits_thumby_color_rp2350.h
-rw-r--r-- 1 znmeb znmeb 2733 Aug 17 18:30 vgaboard.h
-rw-r--r-- 1 znmeb znmeb 2477 Aug 17 18:30 waveshare_rp2040_lcd_0.96.h
-rw-r--r-- 1 znmeb znmeb 2457 Aug 17 18:30 waveshare_rp2040_lcd_1.28.h
-rw-r--r-- 1 znmeb znmeb 1817 Aug 17 18:30 waveshare_rp2040_one.h
-rw-r--r-- 1 znmeb znmeb 1977 Aug 17 18:30 waveshare_rp2040_plus_16mb.h
-rw-r--r-- 1 znmeb znmeb 1972 Aug 17 18:30 waveshare_rp2040_plus_4mb.h
-rw-r--r-- 1 znmeb znmeb 1819 Aug 17 18:30 waveshare_rp2040_zero.h
-rw-r--r-- 1 znmeb znmeb 1914 Aug 17 18:30 weact_studio_rp2040_16mb.h
-rw-r--r-- 1 znmeb znmeb 1908 Aug 17 18:30 weact_studio_rp2040_2mb.h
-rw-r--r-- 1 znmeb znmeb 1908 Aug 17 18:30 weact_studio_rp2040_4mb.h
-rw-r--r-- 1 znmeb znmeb 1908 Aug 17 18:30 weact_studio_rp2040_8mb.h
-rw-r--r-- 1 znmeb znmeb 2300 Aug 17 18:30 wiznet_w5100s_evb_pico.h
