/home/znmeb/Projects/pico/picovision-projects/build/fire/fire.uf2
/home/znmeb/Projects/pico/picovision-projects/build/gol/gol.uf2
/home/znmeb/Projects/pico/picovision-projects/build/bubbles/bubbles.uf2
/home/znmeb/Projects/pico/picovision-projects/build/edid-display/edid-display.uf2
/home/znmeb/Projects/pico/picovision-projects/build/mandel/dv-mandel.uf2
/home/znmeb/Projects/pico/pico-playground/build/audio/sine_wave/sine_wave_spdif.uf2
/home/znmeb/Projects/pico/pico-playground/build/audio/sine_wave/sine_wave_i2s.uf2
/home/znmeb/Projects/pico/pico-playground/build/audio/sine_wave/sine_wave_pwm.uf2
/home/znmeb/Projects/pico/pico-playground/build/scanvideo/hscroll_dma_tiles/hscroll_dma_tiles.uf2
/home/znmeb/Projects/pico/pico-playground/build/scanvideo/flash_stream/flash_stream.uf2
/home/znmeb/Projects/pico/pico-playground/build/scanvideo/mandelbrot/mandelbrot.uf2
/home/znmeb/Projects/pico/pico-playground/build/scanvideo/demo1/demo1.uf2
/home/znmeb/Projects/pico/pico-playground/build/scanvideo/scanvideo_minimal/scanvideo_minimal.uf2
/home/znmeb/Projects/pico/pico-playground/build/scanvideo/textmode/textmode.uf2
/home/znmeb/Projects/pico/pico-playground/build/scanvideo/mario_tiles/mario_tiles.uf2
/home/znmeb/Projects/pico/pico-playground/build/scanvideo/sprite_demo/sprite_demo.uf2
/home/znmeb/Projects/pico/pico-playground/build/scanvideo/test_pattern/test_pattern.uf2
/home/znmeb/Projects/pico/pico-playground/build/sleep/hello_dormant/hello_dormant.uf2
/home/znmeb/Projects/pico/pico-playground/build/sleep/hello_sleep/hello_sleep.uf2
/home/znmeb/Projects/pico/pico-playground/build/apps/popcorn/popcorn.uf2
/home/znmeb/Projects/pico/pico-playground/build/apps/usb_sound_card/usb_sound_card.uf2
/home/znmeb/Projects/pico/pico-playground/build/stdio/pio/stdio_pio.uf2
/home/znmeb/Projects/pico/picoprobe/build/picoprobe.uf2
/home/znmeb/Projects/pico/pico-examples/build/blink/blink.uf2
/home/znmeb/Projects/pico/pico-examples/build/usb/device/dev_hid_composite/dev_hid_composite.uf2
/home/znmeb/Projects/pico/pico-examples/build/usb/device/dev_lowlevel/dev_lowlevel.uf2
/home/znmeb/Projects/pico/pico-examples/build/usb/device/tinyusb_device_examples/uac2_headset/tinyusb_dev_uac2_headset.uf2
/home/znmeb/Projects/pico/pico-examples/build/usb/device/tinyusb_device_examples/cdc_msc/tinyusb_dev_cdc_msc.uf2
/home/znmeb/Projects/pico/pico-examples/build/usb/device/tinyusb_device_examples/webusb_serial/tinyusb_dev_webusb_serial.uf2
/home/znmeb/Projects/pico/pico-examples/build/usb/device/tinyusb_device_examples/hid_multiple_interface/tinyusb_dev_hid_multiple_interface.uf2
/home/znmeb/Projects/pico/pico-examples/build/usb/device/tinyusb_device_examples/dynamic_configuration/tinyusb_dev_dynamic_configuration.uf2
/home/znmeb/Projects/pico/pico-examples/build/usb/device/tinyusb_device_examples/hid_generic_inout/tinyusb_dev_hid_generic_inout.uf2
/home/znmeb/Projects/pico/pico-examples/build/usb/device/tinyusb_device_examples/dfu_runtime/tinyusb_dev_dfu_runtime.uf2
/home/znmeb/Projects/pico/pico-examples/build/usb/device/tinyusb_device_examples/video_capture/tinyusb_dev_video_capture.uf2
/home/znmeb/Projects/pico/pico-examples/build/usb/device/tinyusb_device_examples/audio_4_channel_mic/tinyusb_dev_audio_4_channel_mic.uf2
/home/znmeb/Projects/pico/pico-examples/build/usb/device/tinyusb_device_examples/usbtmc/tinyusb_dev_usbtmc.uf2
/home/znmeb/Projects/pico/pico-examples/build/usb/device/tinyusb_device_examples/dfu/tinyusb_dev_dfu.uf2
/home/znmeb/Projects/pico/pico-examples/build/usb/device/tinyusb_device_examples/midi_test/tinyusb_dev_midi_test.uf2
/home/znmeb/Projects/pico/pico-examples/build/usb/device/tinyusb_device_examples/cdc_dual_ports/tinyusb_dev_cdc_dual_ports.uf2
/home/znmeb/Projects/pico/pico-examples/build/usb/device/tinyusb_device_examples/hid_composite/tinyusb_dev_hid_composite.uf2
/home/znmeb/Projects/pico/pico-examples/build/usb/device/tinyusb_device_examples/board_test/tinyusb_dev_board_test.uf2
/home/znmeb/Projects/pico/pico-examples/build/usb/device/tinyusb_device_examples/msc_dual_lun/tinyusb_dev_msc_dual_lun.uf2
/home/znmeb/Projects/pico/pico-examples/build/usb/device/tinyusb_device_examples/audio_test/tinyusb_dev_audio_test.uf2
/home/znmeb/Projects/pico/pico-examples/build/usb/host/host_cdc_msc_hid/host_cdc_msc_hid.uf2
/home/znmeb/Projects/pico/pico-examples/build/usb/host/tinyusb_host_examples/cdc_msc_hid/tinyusb_host_cdc_msc_hid.uf2
/home/znmeb/Projects/pico/pico-examples/build/usb/host/tinyusb_host_examples/hid_controller/tinyusb_host_hid_controller.uf2
/home/znmeb/Projects/pico/pico-examples/build/usb/host/tinyusb_host_examples/bare_api/tinyusb_host_bare_api.uf2
/home/znmeb/Projects/pico/pico-examples/build/usb/host/tinyusb_host_examples/msc_file_explorer/tinyusb_host_msc_file_explorer.uf2
/home/znmeb/Projects/pico/pico-examples/build/multicore/multicore_runner/multicore_runner.uf2
/home/znmeb/Projects/pico/pico-examples/build/multicore/hello_multicore/hello_multicore.uf2
/home/znmeb/Projects/pico/pico-examples/build/multicore/multicore_fifo_irqs/multicore_fifo_irqs.uf2
/home/znmeb/Projects/pico/pico-examples/build/multicore/multicore_runner_queue/multicore_runner_queue.uf2
/home/znmeb/Projects/pico/pico-examples/build/interp/hello_interp/hello_interp.uf2
/home/znmeb/Projects/pico/pico-examples/build/cmake/build_variants/build_variant1.uf2
/home/znmeb/Projects/pico/pico-examples/build/cmake/build_variants/build_variant2.uf2
/home/znmeb/Projects/pico/pico-examples/build/pwm/hello_pwm/hello_pwm.uf2
/home/znmeb/Projects/pico/pico-examples/build/pwm/measure_duty_cycle/pwm_measure_duty_cycle.uf2
/home/znmeb/Projects/pico/pico-examples/build/pwm/led_fade/pwm_led_fade.uf2
/home/znmeb/Projects/pico/pico-examples/build/watchdog/hello_watchdog/hello_watchdog.uf2
/home/znmeb/Projects/pico/pico-examples/build/spi/spi_master_slave/spi_slave/spi_slave.uf2
/home/znmeb/Projects/pico/pico-examples/build/spi/spi_master_slave/spi_master/spi_master.uf2
/home/znmeb/Projects/pico/pico-examples/build/spi/spi_flash/spi_flash.uf2
/home/znmeb/Projects/pico/pico-examples/build/spi/mpu9250_spi/mpu9250_spi.uf2
/home/znmeb/Projects/pico/pico-examples/build/spi/max7219_32x8_spi/max7219_32x8_spi.uf2
/home/znmeb/Projects/pico/pico-examples/build/spi/bme280_spi/bme280_spi.uf2
/home/znmeb/Projects/pico/pico-examples/build/spi/max7219_8x7seg_spi/max7219_8x7seg_spi.uf2
/home/znmeb/Projects/pico/pico-examples/build/spi/spi_dma/spi_dma.uf2
/home/znmeb/Projects/pico/pico-examples/build/adc/onboard_temperature/onboard_temperature.uf2
/home/znmeb/Projects/pico/pico-examples/build/adc/read_vsys/read_vsys.uf2
/home/znmeb/Projects/pico/pico-examples/build/adc/dma_capture/adc_dma_capture.uf2
/home/znmeb/Projects/pico/pico-examples/build/adc/hello_adc/hello_adc.uf2
/home/znmeb/Projects/pico/pico-examples/build/adc/adc_console/adc_console.uf2
/home/znmeb/Projects/pico/pico-examples/build/adc/joystick_display/joystick_display.uf2
/home/znmeb/Projects/pico/pico-examples/build/adc/microphone_adc/microphone_adc.uf2
/home/znmeb/Projects/pico/pico-examples/build/pio/clocked_input/pio_clocked_input.uf2
/home/znmeb/Projects/pico/pico-examples/build/pio/ws2812/pio_ws2812.uf2
/home/znmeb/Projects/pico/pico-examples/build/pio/ws2812/pio_ws2812_parallel.uf2
/home/znmeb/Projects/pico/pico-examples/build/pio/pwm/pio_pwm.uf2
/home/znmeb/Projects/pico/pico-examples/build/pio/st7789_lcd/pio_st7789_lcd.uf2
/home/znmeb/Projects/pico/pico-examples/build/pio/ir_nec/ir_loopback/pio_ir_loopback.uf2
/home/znmeb/Projects/pico/pico-examples/build/pio/spi/pio_spi_loopback.uf2
/home/znmeb/Projects/pico/pico-examples/build/pio/spi/pio_spi_flash.uf2
/home/znmeb/Projects/pico/pico-examples/build/pio/quadrature_encoder/pio_quadrature_encoder.uf2
/home/znmeb/Projects/pico/pico-examples/build/pio/uart_tx/pio_uart_tx.uf2
/home/znmeb/Projects/pico/pico-examples/build/pio/hub75/pio_hub75.uf2
/home/znmeb/Projects/pico/pico-examples/build/pio/hello_pio/hello_pio.uf2
/home/znmeb/Projects/pico/pico-examples/build/pio/i2c/pio_i2c_bus_scan.uf2
/home/znmeb/Projects/pico/pico-examples/build/pio/squarewave/pio_squarewave.uf2
/home/znmeb/Projects/pico/pico-examples/build/pio/onewire/pio_onewire.uf2
/home/znmeb/Projects/pico/pico-examples/build/pio/manchester_encoding/pio_manchester_encoding.uf2
/home/znmeb/Projects/pico/pico-examples/build/pio/logic_analyser/pio_logic_analyser.uf2
/home/znmeb/Projects/pico/pico-examples/build/pio/addition/pio_addition.uf2
/home/znmeb/Projects/pico/pico-examples/build/pio/uart_rx/pio_uart_rx.uf2
/home/znmeb/Projects/pico/pico-examples/build/pio/uart_rx/pio_uart_rx_intr.uf2
/home/znmeb/Projects/pico/pico-examples/build/pio/pio_blink/pio_blink.uf2
/home/znmeb/Projects/pico/pico-examples/build/pio/differential_manchester/pio_differential_manchester.uf2
/home/znmeb/Projects/pico/pico-examples/build/pio/apa102/pio_apa102.uf2
/home/znmeb/Projects/pico/pico-examples/build/i2c/ssd1306_i2c/ssd1306_i2c.uf2
/home/znmeb/Projects/pico/pico-examples/build/i2c/bus_scan/i2c_bus_scan.uf2
/home/znmeb/Projects/pico/pico-examples/build/i2c/slave_mem_i2c/slave_mem_i2c.uf2
/home/znmeb/Projects/pico/pico-examples/build/i2c/pcf8523_i2c/pcf8523_i2c.uf2
/home/znmeb/Projects/pico/pico-examples/build/i2c/ht16k33_i2c/ht16k33_i2c.uf2
/home/znmeb/Projects/pico/pico-examples/build/i2c/mpu6050_i2c/mpu6050_i2c.uf2
/home/znmeb/Projects/pico/pico-examples/build/i2c/mpl3115a2_i2c/mpl3115a2_i2c.uf2
/home/znmeb/Projects/pico/pico-examples/build/i2c/mcp9808_i2c/mcp9808_i2c.uf2
/home/znmeb/Projects/pico/pico-examples/build/i2c/lcd_1602_i2c/lcd_1602_i2c.uf2
/home/znmeb/Projects/pico/pico-examples/build/i2c/mma8451_i2c/mma8451_i2c.uf2
/home/znmeb/Projects/pico/pico-examples/build/i2c/bmp280_i2c/bmp280_i2c.uf2
/home/znmeb/Projects/pico/pico-examples/build/i2c/pa1010d_i2c/pa1010d_i2c.uf2
/home/znmeb/Projects/pico/pico-examples/build/i2c/lis3dh_i2c/lis3dh_i2c.uf2
/home/znmeb/Projects/pico/pico-examples/build/hello_world/usb/hello_usb.uf2
/home/znmeb/Projects/pico/pico-examples/build/hello_world/serial/hello_serial.uf2
/home/znmeb/Projects/pico/pico-examples/build/uart/hello_uart/hello_uart.uf2
/home/znmeb/Projects/pico/pico-examples/build/uart/uart_advanced/uart_advanced.uf2
/home/znmeb/Projects/pico/pico-examples/build/uart/lcd_uart/lcd_uart.uf2
/home/znmeb/Projects/pico/pico-examples/build/dma/sniff_crc/sniff_crc.uf2
/home/znmeb/Projects/pico/pico-examples/build/dma/control_blocks/dma_control_blocks.uf2
/home/znmeb/Projects/pico/pico-examples/build/dma/hello_dma/hello_dma.uf2
/home/znmeb/Projects/pico/pico-examples/build/dma/channel_irq/dma_channel_irq.uf2
/home/znmeb/Projects/pico/pico-examples/build/rtc/hello_rtc/hello_rtc.uf2
/home/znmeb/Projects/pico/pico-examples/build/rtc/rtc_alarm/rtc_alarm.uf2
/home/znmeb/Projects/pico/pico-examples/build/rtc/rtc_alarm_repeat/rtc_alarm_repeat.uf2
/home/znmeb/Projects/pico/pico-examples/build/clocks/hello_gpout/hello_gpout.uf2
/home/znmeb/Projects/pico/pico-examples/build/clocks/detached_clk_peri/clocks_detached_clk_peri.uf2
/home/znmeb/Projects/pico/pico-examples/build/clocks/hello_48MHz/hello_48MHz.uf2
/home/znmeb/Projects/pico/pico-examples/build/clocks/hello_resus/hello_resus.uf2
/home/znmeb/Projects/pico/pico-examples/build/system/unique_board_id/unique_board_id.uf2
/home/znmeb/Projects/pico/pico-examples/build/system/hello_double_tap/hello_double_tap.uf2
/home/znmeb/Projects/pico/pico-examples/build/system/narrow_io_write/narrow_io_write.uf2
/home/znmeb/Projects/pico/pico-examples/build/picoboard/blinky/picoboard_blinky.uf2
/home/znmeb/Projects/pico/pico-examples/build/picoboard/button/picoboard_button.uf2
/home/znmeb/Projects/pico/pico-examples/build/timer/periodic_sampler/periodic_sampler.uf2
/home/znmeb/Projects/pico/pico-examples/build/timer/hello_timer/hello_timer.uf2
/home/znmeb/Projects/pico/pico-examples/build/timer/timer_lowlevel/timer_lowlevel.uf2
/home/znmeb/Projects/pico/pico-examples/build/gpio/hello_gpio_irq/hello_gpio_irq.uf2
/home/znmeb/Projects/pico/pico-examples/build/gpio/dht_sensor/dht.uf2
/home/znmeb/Projects/pico/pico-examples/build/gpio/hello_7segment/hello_7segment.uf2
/home/znmeb/Projects/pico/pico-examples/build/divider/hello_divider.uf2
/home/znmeb/Projects/pico/pico-examples/build/flash/program/flash_program.uf2
/home/znmeb/Projects/pico/pico-examples/build/flash/cache_perfctr/flash_cache_perfctr.uf2
/home/znmeb/Projects/pico/pico-examples/build/flash/xip_stream/flash_xip_stream.uf2
/home/znmeb/Projects/pico/pico-examples/build/flash/nuke/flash_nuke.uf2
/home/znmeb/Projects/pico/pico-examples/build/flash/ssi_dma/flash_ssi_dma.uf2
/home/znmeb/Projects/pico/pimoroni-pico/build/examples/breakout_mlx90640/mlx90460_demo.uf2
/home/znmeb/Projects/pico/pimoroni-pico/build/examples/breakout_as7262/as7262_basic_demo.uf2
/home/znmeb/Projects/pico/pimoroni-pico/build/examples/breakout_as7262/as7262_explorer_bargraph.uf2
/home/znmeb/Projects/pico/pimoroni-pico/build/examples/pico_rgb_keypad/rgb_keypad.uf2
/home/znmeb/Projects/pico/pimoroni-pico/build/examples/pico_unicorn_plasma/unicornplasma.uf2
/home/znmeb/Projects/pico/pimoroni-pico/build/examples/breakout_encoder_wheel/buttons/encoderwheel_buttons.uf2
/home/znmeb/Projects/pico/pimoroni-pico/build/examples/breakout_encoder_wheel/stop_watch/encoderwheel_stop_watch.uf2
/home/znmeb/Projects/pico/pimoroni-pico/build/examples/breakout_encoder_wheel/interrupt/encoderwheel_interrupt.uf2
/home/znmeb/Projects/pico/pimoroni-pico/build/examples/breakout_encoder_wheel/led_rainbow/encoderwheel_led_rainbow.uf2
/home/znmeb/Projects/pico/pimoroni-pico/build/examples/breakout_encoder_wheel/gpio_pwm/encoderwheel_gpio_pwm.uf2
/home/znmeb/Projects/pico/pimoroni-pico/build/examples/breakout_encoder_wheel/clock/encoderwheel_clock.uf2
/home/znmeb/Projects/pico/pimoroni-pico/build/examples/breakout_encoder_wheel/chase_game/encoderwheel_chase_game.uf2
/home/znmeb/Projects/pico/pimoroni-pico/build/examples/breakout_encoder_wheel/encoder/encoderwheel_encoder.uf2
/home/znmeb/Projects/pico/pimoroni-pico/build/examples/breakout_encoder_wheel/colour_picker/encoderwheel_colour_picker.uf2
/home/znmeb/Projects/pico/pimoroni-pico/build/examples/pico_explorer_encoder/pico_explorer_encoder.uf2
/home/znmeb/Projects/pico/pimoroni-pico/build/examples/breakout_mics6814/mics6814_demo.uf2
/home/znmeb/Projects/pico/pimoroni-pico/build/examples/cosmic_unicorn/cosmic_rainbow.uf2
/home/znmeb/Projects/pico/pimoroni-pico/build/examples/cosmic_unicorn/cosmic_scroll_text.uf2
/home/znmeb/Projects/pico/pimoroni-pico/build/examples/cosmic_unicorn/cosmic_rainbow_text.uf2
/home/znmeb/Projects/pico/pimoroni-pico/build/examples/cosmic_unicorn/cosmic_eighties_super_computer.uf2
/home/znmeb/Projects/pico/pimoroni-pico/build/examples/cosmic_unicorn/cosmic_fire_effect.uf2
/home/znmeb/Projects/pico/pimoroni-pico/build/examples/cosmic_unicorn/cosmic_lava_lamp.uf2
/home/znmeb/Projects/pico/pimoroni-pico/build/examples/breakout_bh1745/breakout_bh1745_demo.uf2
/home/znmeb/Projects/pico/pimoroni-pico/build/examples/pico_scroll/scroll.uf2
/home/znmeb/Projects/pico/pimoroni-pico/build/examples/pico_scroll/scroll-text.uf2
/home/znmeb/Projects/pico/pimoroni-pico/build/examples/pico_tof_display/tof_display.uf2
/home/znmeb/Projects/pico/pimoroni-pico/build/examples/inky_pack/inky_pack_demo.uf2
/home/znmeb/Projects/pico/pimoroni-pico/build/examples/breakout_roundlcd/roundlcd_demo.uf2
/home/znmeb/Projects/pico/pimoroni-pico/build/examples/inky_frame/inky_frame_sleepy_head.uf2
/home/znmeb/Projects/pico/pimoroni-pico/build/examples/inky_frame/inky_frame_jpeg_image.uf2
/home/znmeb/Projects/pico/pimoroni-pico/build/examples/inky_frame/inky_frame_day_planner.uf2
/home/znmeb/Projects/pico/pimoroni-pico/build/examples/inky_frame/inky_frame7_test.uf2
/home/znmeb/Projects/pico/pimoroni-pico/build/examples/inky_frame/inky_frame_7_jpeg_image.uf2
/home/znmeb/Projects/pico/pimoroni-pico/build/examples/inky_frame/inky_frame_7_day_planner.uf2
/home/znmeb/Projects/pico/pimoroni-pico/build/examples/breakout_ioexpander/button/ioexpander_button.uf2
/home/znmeb/Projects/pico/pimoroni-pico/build/examples/breakout_ioexpander/adc/ioexpander_adc.uf2
/home/znmeb/Projects/pico/pimoroni-pico/build/examples/breakout_ioexpander/servo/ioexpander_servo.uf2
/home/znmeb/Projects/pico/pimoroni-pico/build/examples/pico_audio/audio.uf2
/home/znmeb/Projects/pico/pimoroni-pico/build/examples/breakout_vl53l5cx/vl53l5cx_demo.uf2
/home/znmeb/Projects/pico/pimoroni-pico/build/examples/breakout_ltr559/ltr559_demo.uf2
/home/znmeb/Projects/pico/pimoroni-pico/build/examples/breakout_colourlcd160x80/colourlcd160x80_demo.uf2
/home/znmeb/Projects/pico/pimoroni-pico/build/examples/breakout_potentiometer/potentiometer_demo.uf2
/home/znmeb/Projects/pico/pimoroni-pico/build/examples/tufty2040/tufty2040_drawing.uf2
/home/znmeb/Projects/pico/pimoroni-pico/build/examples/breakout_encoder/encoder_demo.uf2
/home/znmeb/Projects/pico/pimoroni-pico/build/examples/pico_display_2/mandelbrot/display_2_mandelbrot.uf2
/home/znmeb/Projects/pico/pimoroni-pico/build/examples/pico_display_2/pico_display2_demo.uf2
/home/znmeb/Projects/pico/pimoroni-pico/build/examples/pico_motor_shim/motorshim_single_motor.uf2
/home/znmeb/Projects/pico/pimoroni-pico/build/examples/pico_motor_shim/motorshim_motor_song.uf2
/home/znmeb/Projects/pico/pimoroni-pico/build/examples/pico_motor_shim/motorshim_movements.uf2
/home/znmeb/Projects/pico/pimoroni-pico/build/examples/pico_motor_shim/motorshim_dual_motors.uf2
/home/znmeb/Projects/pico/pimoroni-pico/build/examples/breakout_oled_128x128/oled_128x128_demo.uf2
/home/znmeb/Projects/pico/pimoroni-pico/build/examples/plasma_stick/plasma_stick_encoder.uf2
/home/znmeb/Projects/pico/pimoroni-pico/build/examples/plasma_stick/plasma_stick_alternating_blinkies.uf2
/home/znmeb/Projects/pico/pimoroni-pico/build/examples/plasma_stick/plasma_stick_temperature_bme280.uf2
/home/znmeb/Projects/pico/pimoroni-pico/build/examples/plasma_stick/plasma_stick_fire.uf2
/home/znmeb/Projects/pico/pimoroni-pico/build/examples/plasma_stick/plasma_stick_rainbows.uf2
/home/znmeb/Projects/pico/pimoroni-pico/build/examples/automation2040w/automation2040w_toggle_relays.uf2
/home/znmeb/Projects/pico/pimoroni-pico/build/examples/automation2040w/automation2040w_read_adcs.uf2
/home/znmeb/Projects/pico/pimoroni-pico/build/examples/automation2040w/automation2040w_switches_and_leds.uf2
/home/znmeb/Projects/pico/pimoroni-pico/build/examples/automation2040w/automation2040w_read_inputs.uf2
/home/znmeb/Projects/pico/pimoroni-pico/build/examples/automation2040w/automation2040w_toggle_outputs.uf2
/home/znmeb/Projects/pico/pimoroni-pico/build/examples/inventor2040w/inventor2040w_read_adcs.uf2
/home/znmeb/Projects/pico/pimoroni-pico/build/examples/inventor2040w/inventor2040w_read_encoders.uf2
/home/znmeb/Projects/pico/pimoroni-pico/build/examples/inventor2040w/motors/inventor2040w_single_motor.uf2
/home/znmeb/Projects/pico/pimoroni-pico/build/examples/inventor2040w/motors/tuning/inventor2040w_position_tuning.uf2
/home/znmeb/Projects/pico/pimoroni-pico/build/examples/inventor2040w/motors/tuning/inventor2040w_motor_profiler.uf2
/home/znmeb/Projects/pico/pimoroni-pico/build/examples/inventor2040w/motors/tuning/inventor2040w_velocity_tuning.uf2
/home/znmeb/Projects/pico/pimoroni-pico/build/examples/inventor2040w/motors/tuning/inventor2040w_position_on_velocity_tuning.uf2
/home/znmeb/Projects/pico/pimoroni-pico/build/examples/inventor2040w/motors/inventor2040w_position_wave.uf2
/home/znmeb/Projects/pico/pimoroni-pico/build/examples/inventor2040w/motors/inventor2040w_position_on_velocity_control.uf2
/home/znmeb/Projects/pico/pimoroni-pico/build/examples/inventor2040w/motors/inventor2040w_position_control.uf2
/home/znmeb/Projects/pico/pimoroni-pico/build/examples/inventor2040w/motors/inventor2040w_motor_wave.uf2
/home/znmeb/Projects/pico/pimoroni-pico/build/examples/inventor2040w/motors/inventor2040w_reactive_encoder.uf2
/home/znmeb/Projects/pico/pimoroni-pico/build/examples/inventor2040w/motors/inventor2040w_velocity_control.uf2
/home/znmeb/Projects/pico/pimoroni-pico/build/examples/inventor2040w/motors/inventor2040w_driving_sequence.uf2
/home/znmeb/Projects/pico/pimoroni-pico/build/examples/inventor2040w/motors/inventor2040w_dual_motors.uf2
/home/znmeb/Projects/pico/pimoroni-pico/build/examples/inventor2040w/audio/inventor2040w_tone_song.uf2
/home/znmeb/Projects/pico/pimoroni-pico/build/examples/inventor2040w/audio/inventor2040w_motor_song.uf2
/home/znmeb/Projects/pico/pimoroni-pico/build/examples/inventor2040w/inventor2040w_read_gpios.uf2
/home/znmeb/Projects/pico/pimoroni-pico/build/examples/inventor2040w/inventor2040w_led_rainbow.uf2
/home/znmeb/Projects/pico/pimoroni-pico/build/examples/inventor2040w/servos/inventor2040w_calibration.uf2
/home/znmeb/Projects/pico/pimoroni-pico/build/examples/inventor2040w/servos/inventor2040w_single_servo.uf2
/home/znmeb/Projects/pico/pimoroni-pico/build/examples/inventor2040w/servos/inventor2040w_simple_easing.uf2
/home/znmeb/Projects/pico/pimoroni-pico/build/examples/inventor2040w/servos/inventor2040w_servo_wave.uf2
/home/znmeb/Projects/pico/pimoroni-pico/build/examples/inventor2040w/servos/inventor2040w_multiple_servos.uf2
/home/znmeb/Projects/pico/pimoroni-pico/build/examples/breakout_scd41/scd41_demo.uf2
/home/znmeb/Projects/pico/pimoroni-pico/build/examples/breakout_sgp30/sgp30_demo.uf2
/home/znmeb/Projects/pico/pimoroni-pico/build/examples/pico_enc_explorer/encoder_explorer.uf2
/home/znmeb/Projects/pico/pimoroni-pico/build/examples/breakout_trackball/trackball_demo.uf2
/home/znmeb/Projects/pico/pimoroni-pico/build/examples/breakout_pms5003/pmsa003i_demo.uf2
/home/znmeb/Projects/pico/pimoroni-pico/build/examples/breakout_pms5003/pms5003_demo.uf2
/home/znmeb/Projects/pico/pimoroni-pico/build/examples/breakout_icp10125/icp10125_basic_demo.uf2
/home/znmeb/Projects/pico/pimoroni-pico/build/examples/breakout_colourlcd240x240/colourlcd240x240_demo.uf2
/home/znmeb/Projects/pico/pimoroni-pico/build/examples/pico_display/pico_display_demo.uf2
/home/znmeb/Projects/pico/pimoroni-pico/build/examples/pico_pot_explorer/potentiometer_explorer.uf2
/home/znmeb/Projects/pico/pimoroni-pico/build/examples/breakout_bme688/bme688_parallel.uf2
/home/znmeb/Projects/pico/pimoroni-pico/build/examples/breakout_bme688/bme688_forced.uf2
/home/znmeb/Projects/pico/pimoroni-pico/build/examples/breakout_bmp280/bmp280_basic_demo.uf2
/home/znmeb/Projects/pico/pimoroni-pico/build/examples/encoder/encoder_read_change.uf2
/home/znmeb/Projects/pico/pimoroni-pico/build/examples/encoder/encoder_value_dial.uf2
/home/znmeb/Projects/pico/pimoroni-pico/build/examples/encoder/encoder_item_selector.uf2
/home/znmeb/Projects/pico/pimoroni-pico/build/examples/encoder/encoder_read_speed.uf2
/home/znmeb/Projects/pico/pimoroni-pico/build/examples/encoder/encoder_read_counts.uf2
/home/znmeb/Projects/pico/pimoroni-pico/build/examples/servo2040/servo2040_multiple_servos.uf2
/home/znmeb/Projects/pico/pimoroni-pico/build/examples/servo2040/servo2040_sensor_feedback.uf2
/home/znmeb/Projects/pico/pimoroni-pico/build/examples/servo2040/servo2040_calibration.uf2
/home/znmeb/Projects/pico/pimoroni-pico/build/examples/servo2040/servo2040_read_sensors.uf2
/home/znmeb/Projects/pico/pimoroni-pico/build/examples/servo2040/servo2040_simple_easing.uf2
/home/znmeb/Projects/pico/pimoroni-pico/build/examples/servo2040/servo2040_led_rainbow.uf2
/home/znmeb/Projects/pico/pimoroni-pico/build/examples/servo2040/servo2040_servo_cluster.uf2
/home/znmeb/Projects/pico/pimoroni-pico/build/examples/servo2040/servo2040_single_servo.uf2
/home/znmeb/Projects/pico/pimoroni-pico/build/examples/servo2040/servo2040_current_meter.uf2
/home/znmeb/Projects/pico/pimoroni-pico/build/examples/servo2040/servo2040_servo_wave.uf2
/home/znmeb/Projects/pico/pimoroni-pico/build/examples/breakout_pmw3901/motion/pmw3901_motion.uf2
/home/znmeb/Projects/pico/pimoroni-pico/build/examples/breakout_pmw3901/frame_capture/pmw3901_framecapture.uf2
/home/znmeb/Projects/pico/pimoroni-pico/build/examples/pico_unicorn/unicorn.uf2
/home/znmeb/Projects/pico/pimoroni-pico/build/examples/motor2040/motor2040_velocity_control.uf2
/home/znmeb/Projects/pico/pimoroni-pico/build/examples/motor2040/motor2040_single_motor.uf2
/home/znmeb/Projects/pico/pimoroni-pico/build/examples/motor2040/motor2040_read_sensors.uf2
/home/znmeb/Projects/pico/pimoroni-pico/build/examples/motor2040/motor2040_velocity_tuning.uf2
/home/znmeb/Projects/pico/pimoroni-pico/build/examples/motor2040/motor2040_read_encoders.uf2
/home/znmeb/Projects/pico/pimoroni-pico/build/examples/motor2040/motor2040_position_on_velocity_control.uf2
/home/znmeb/Projects/pico/pimoroni-pico/build/examples/motor2040/motor2040_position_control.uf2
/home/znmeb/Projects/pico/pimoroni-pico/build/examples/motor2040/motor2040_motor_profiler.uf2
/home/znmeb/Projects/pico/pimoroni-pico/build/examples/motor2040/motor2040_led_rainbow.uf2
/home/znmeb/Projects/pico/pimoroni-pico/build/examples/motor2040/motor2040_quad_position_wave.uf2
/home/znmeb/Projects/pico/pimoroni-pico/build/examples/motor2040/motor2040_motor_cluster.uf2
/home/znmeb/Projects/pico/pimoroni-pico/build/examples/motor2040/motor2040_motor_wave.uf2
/home/znmeb/Projects/pico/pimoroni-pico/build/examples/motor2040/motor2040_reactive_encoder.uf2
/home/znmeb/Projects/pico/pimoroni-pico/build/examples/motor2040/motor2040_position_tuning.uf2
/home/znmeb/Projects/pico/pimoroni-pico/build/examples/motor2040/motor2040_multiple_motors.uf2
/home/znmeb/Projects/pico/pimoroni-pico/build/examples/motor2040/motor2040_quad_velocity_sequence.uf2
/home/znmeb/Projects/pico/pimoroni-pico/build/examples/motor2040/motor2040_position_on_velocity_tuning.uf2
/home/znmeb/Projects/pico/pimoroni-pico/build/examples/pico_explorer/text_demo.uf2
/home/znmeb/Projects/pico/pimoroni-pico/build/examples/pico_explorer/pico_explorer_demo.uf2
/home/znmeb/Projects/pico/pimoroni-pico/build/examples/breakout_rgbmatrix5x5/rgbmatrix5x5_demo.uf2
/home/znmeb/Projects/pico/pimoroni-pico/build/examples/stellar_unicorn/stellar_scroll_text.uf2
/home/znmeb/Projects/pico/pimoroni-pico/build/examples/stellar_unicorn/stellar_eighties_super_computer.uf2
/home/znmeb/Projects/pico/pimoroni-pico/build/examples/stellar_unicorn/stellar_rainbow_text.uf2
/home/znmeb/Projects/pico/pimoroni-pico/build/examples/stellar_unicorn/stellar_rainbow.uf2
/home/znmeb/Projects/pico/pimoroni-pico/build/examples/stellar_unicorn/stellar_fire_effect.uf2
/home/znmeb/Projects/pico/pimoroni-pico/build/examples/stellar_unicorn/stellar_lava_lamp.uf2
/home/znmeb/Projects/pico/pimoroni-pico/build/examples/badger2040/badger2040_fonts.uf2
/home/znmeb/Projects/pico/pimoroni-pico/build/examples/badger2040/badger2040_image.uf2
/home/znmeb/Projects/pico/pimoroni-pico/build/examples/badger2040/badger2040_sleep.uf2
/home/znmeb/Projects/pico/pimoroni-pico/build/examples/badger2040/badger2040_drawing.uf2
/home/znmeb/Projects/pico/pimoroni-pico/build/examples/breakout_rtc/rtc_demo.uf2
/home/znmeb/Projects/pico/pimoroni-pico/build/examples/breakout_matrix11x7/matrix11x7_demo.uf2
/home/znmeb/Projects/pico/pimoroni-pico/build/examples/breakout_bme280/bme280_basic_demo.uf2
/home/znmeb/Projects/pico/pimoroni-pico/build/examples/gfx_pack/gfx_pack_demo.uf2
/home/znmeb/Projects/pico/pimoroni-pico/build/examples/pico_rtc_display/rtc_display.uf2
/home/znmeb/Projects/pico/pimoroni-pico/build/examples/pico_trackball_display/trackball_display.uf2
/home/znmeb/Projects/pico/pimoroni-pico/build/examples/breakout_msa301/msa301_demo.uf2
/home/znmeb/Projects/pico/pimoroni-pico/build/examples/pico_wireless/wireless_cheerlights.uf2
/home/znmeb/Projects/pico/pimoroni-pico/build/examples/pico_wireless/wireless_rgb_http.uf2
/home/znmeb/Projects/pico/pimoroni-pico/build/examples/pico_wireless/wireless_networks.uf2
/home/znmeb/Projects/pico/pimoroni-pico/build/examples/pico_wireless/wireless_time.uf2
/home/znmeb/Projects/pico/pimoroni-pico/build/examples/pico_wireless/wireless_sdcard_http.uf2
/home/znmeb/Projects/pico/pimoroni-pico/build/examples/breakout_dotmatrix/image/dotmatrix_image.uf2
/home/znmeb/Projects/pico/pimoroni-pico/build/examples/breakout_dotmatrix/bargraph/dotmatrix_bargraph.uf2
/home/znmeb/Projects/pico/pimoroni-pico/build/examples/breakout_dotmatrix/eyes/dotmatrix_eyes.uf2
/home/znmeb/Projects/pico/pimoroni-pico/build/examples/breakout_dotmatrix/timer/dotmatrix_timer.uf2
/home/znmeb/Projects/pico/pimoroni-pico/build/examples/galactic_unicorn/nostalgia_prompt.uf2
/home/znmeb/Projects/pico/pimoroni-pico/build/examples/galactic_unicorn/rainbow_text.uf2
/home/znmeb/Projects/pico/pimoroni-pico/build/examples/galactic_unicorn/rainbow.uf2
/home/znmeb/Projects/pico/pimoroni-pico/build/examples/galactic_unicorn/fire_effect.uf2
/home/znmeb/Projects/pico/pimoroni-pico/build/examples/galactic_unicorn/scroll_text.uf2
/home/znmeb/Projects/pico/pimoroni-pico/build/examples/galactic_unicorn/lava_lamp.uf2
/home/znmeb/Projects/pico/pimoroni-pico/build/examples/galactic_unicorn/eighties_super_computer.uf2
/home/znmeb/Projects/pico/pimoroni-pico/build/examples/galactic_unicorn/balls.uf2
/home/znmeb/Projects/pico/pimoroni-pico/build/examples/galactic_unicorn/feature_test.uf2
/home/znmeb/Projects/pico/pimoroni-pico/build/examples/pico_rtc/rtc.uf2
/home/znmeb/Projects/pico/pimoroni-pico/build/examples/plasma2040/plasma2040_stacker.uf2
/home/znmeb/Projects/pico/pimoroni-pico/build/examples/plasma2040/plasma2040_level.uf2
/home/znmeb/Projects/pico/pimoroni-pico/build/examples/plasma2040/plasma2040_monitor.uf2
/home/znmeb/Projects/pico/pimoroni-pico/build/examples/plasma2040/plasma2040_rainbow.uf2
/home/znmeb/Projects/pico/pimoroni-pico/build/examples/plasma2040/plasma2040_rotary.uf2
/home/znmeb/Projects/pico/pimoroni-pico/build/examples/interstate75/interstate75_example.uf2
/home/znmeb/Projects/pico/pimoroni-pico/build/examples/interstate75/interstate75_fire_effect.uf2
/home/znmeb/Projects/pico/pimoroni-pico/build/examples/interstate75/interstate75_balls_demo.uf2
/home/znmeb/Projects/pico/pimoroni-pico/build/examples/interstate75/interstate75_rainbow.uf2
/home/znmeb/Projects/pico/pimoroni-pico/build/examples/interstate75/interstate75_rainbow_text.uf2
Finished!
